2016-02-04 09:37:25.8719 [1] INFO - HotPrints Started
2016-02-04 09:37:26.0839 [1] INFO - Populating Printers
2016-02-04 09:37:26.0965 [5] INFO - Polling for printers started
2016-02-04 09:37:29.0971 [5] INFO - Populating Printers
2016-02-04 09:37:32.0979 [5] INFO - Populating Printers
2016-02-04 09:37:34.7910 [1] INFO - InputManager Initializing
2016-02-04 09:37:34.7990 [1] WARN - Unable to locate PrintSize for: 10
2016-02-04 09:37:34.7990 [1] WARN - Unable to locate PrintSize for: 40
2016-02-04 09:37:34.7990 [1] WARN - Unable to locate PrintSize for: 100
2016-02-04 09:37:34.7990 [1] WARN - Unable to locate PrintSize for: 680
2016-02-04 09:37:34.7990 [1] WARN - Unable to locate PrintSize for: 690
2016-02-04 09:37:34.7990 [1] WARN - Unable to locate PrintSize for: 120
2016-02-04 09:37:34.7990 [1] WARN - Unable to locate PrintSize for: 130
2016-02-04 09:37:34.7990 [1] WARN - Unable to locate PrintSize for: 1200
2016-02-04 09:37:34.7990 [1] WARN - Unable to locate PrintSize for: 1210
2016-02-04 09:37:34.7990 [1] WARN - Unable to locate PrintSize for: 1220
2016-02-04 09:37:34.7990 [1] WARN - Unable to locate PrintSize for: 1300
2016-02-04 09:37:34.7990 [1] WARN - Unable to locate PrintSize for: 1310
2016-02-04 09:37:34.7990 [1] WARN - Unable to locate PrintSize for: 1320
2016-02-04 09:37:34.7990 [1] WARN - Unable to locate PrintSize for: 1400
2016-02-04 09:37:34.8143 [1] INFO - InputManager Initialized
2016-02-04 09:37:34.8143 [1] INFO - InputManager Initializing
2016-02-04 09:37:34.8143 [1] WARN - Unable to locate PrintSize for: 10
2016-02-04 09:37:34.8143 [1] WARN - Unable to locate PrintSize for: 40
2016-02-04 09:37:34.8143 [1] WARN - Unable to locate PrintSize for: 100
2016-02-04 09:37:34.8143 [1] WARN - Unable to locate PrintSize for: 680
2016-02-04 09:37:34.8143 [1] WARN - Unable to locate PrintSize for: 690
2016-02-04 09:37:34.8143 [1] WARN - Unable to locate PrintSize for: 120
2016-02-04 09:37:34.8143 [1] WARN - Unable to locate PrintSize for: 130
2016-02-04 09:37:34.8143 [1] WARN - Unable to locate PrintSize for: 1200
2016-02-04 09:37:34.8143 [1] WARN - Unable to locate PrintSize for: 1210
2016-02-04 09:37:34.8143 [1] WARN - Unable to locate PrintSize for: 1220
2016-02-04 09:37:34.8143 [1] WARN - Unable to locate PrintSize for: 1300
2016-02-04 09:37:34.8143 [1] WARN - Unable to locate PrintSize for: 1310
2016-02-04 09:37:34.8143 [1] WARN - Unable to locate PrintSize for: 1320
2016-02-04 09:37:34.8143 [1] WARN - Unable to locate PrintSize for: 1400
2016-02-04 09:37:34.8143 [1] INFO - InputManager Initialized
2016-02-04 09:37:35.0030 [1] INFO - Applying color science
2016-02-04 09:37:35.0030 [1] INFO - ColorScience Initializing
2016-02-04 09:37:35.0987 [5] INFO - Populating Printers
2016-02-04 09:37:35.1380 [1] ERROR - Unable to read registry key SOFTWARE\DNP Photo Imaging America:System.UnauthorizedAccessException: ???????? ? ??????? ? ??????? ??????? "HKEY_LOCAL_MACHINE\SOFTWARE\DNP Photo Imaging America".
   ? Microsoft.Win32.RegistryKey.Win32Error(Int32 errorCode, String str)
   ? Microsoft.Win32.RegistryKey.CreateSubKeyInternal(String subkey, RegistryKeyPermissionCheck permissionCheck, Object registrySecurityObj, RegistryOptions registryOptions)
   ? Microsoft.Win32.RegistryKey.CreateSubKey(String subkey, RegistryKeyPermissionCheck permissionCheck)
   ? Microsoft.Win32.RegistryKey.CreateSubKey(String subkey)
   ? HotFolderPrint.Commons.CommonsDirectory.Load()
2016-02-04 09:37:35.1473 [1] INFO - Unable to load ColorScienceParams xml file:System.NullReferenceException: ?????? ?? ?????? ?? ????????? ?? ????????? ???????.
   ? HotFolderPrint.Classes.ImageFilters.ColorScienceParams.Load()
2016-02-04 09:37:37.0035 [1] INFO - Applying color science
2016-02-04 09:37:38.1000 [5] INFO - Populating Printers
2016-02-04 09:37:41.1005 [5] INFO - Populating Printers
2016-02-04 09:37:44.1008 [5] INFO - Populating Printers
2016-02-04 09:37:47.1012 [5] INFO - Populating Printers
2016-02-04 09:37:50.1019 [5] INFO - Populating Printers
2016-02-04 09:37:53.1023 [5] INFO - Populating Printers
2016-02-04 09:37:56.1033 [5] INFO - Populating Printers
2016-02-04 09:37:59.1037 [5] INFO - Populating Printers
2016-02-04 09:38:02.1042 [5] INFO - Populating Printers
2016-02-04 09:38:05.1054 [5] INFO - Populating Printers
2016-02-04 09:38:08.1066 [5] INFO - Populating Printers
2016-02-04 09:38:11.1079 [5] INFO - Populating Printers
2016-02-04 09:38:14.1085 [5] INFO - Populating Printers
2016-02-04 09:38:17.1091 [5] INFO - Populating Printers
2016-02-04 09:38:20.1105 [5] INFO - Populating Printers
2016-02-04 09:38:23.1113 [5] INFO - Populating Printers
2016-02-04 09:38:26.1124 [5] INFO - Populating Printers
2016-02-04 09:38:29.1137 [5] INFO - Populating Printers
2016-02-04 09:38:32.1149 [5] INFO - Populating Printers
2016-02-04 09:38:35.1154 [5] INFO - Populating Printers
2016-02-04 09:38:38.1163 [5] INFO - Populating Printers
2016-02-04 09:38:41.1176 [5] INFO - Populating Printers
2016-02-04 09:38:44.1182 [5] INFO - Populating Printers
2016-02-04 09:38:47.1186 [5] INFO - Populating Printers
2016-02-04 09:38:50.1190 [5] INFO - Populating Printers
2016-02-04 09:38:53.1199 [5] INFO - Populating Printers
2016-02-04 09:38:56.1208 [5] INFO - Populating Printers
2016-02-04 09:38:59.1213 [5] INFO - Populating Printers
2016-02-04 09:39:02.1217 [5] INFO - Populating Printers
2016-02-04 09:39:05.1226 [5] INFO - Populating Printers
2016-02-04 09:39:08.1237 [5] INFO - Populating Printers
2016-02-04 09:39:11.1241 [5] INFO - Populating Printers
2016-02-04 09:39:14.1247 [5] INFO - Populating Printers
2016-02-04 09:39:17.1252 [5] INFO - Populating Printers
2016-02-04 09:39:20.1260 [5] INFO - Populating Printers
2016-02-04 09:39:23.1266 [5] INFO - Populating Printers
2016-02-04 09:39:26.1278 [5] INFO - Populating Printers
2016-02-04 09:39:29.1289 [5] INFO - Populating Printers
2016-02-04 09:39:32.1302 [5] INFO - Populating Printers
2016-02-04 09:39:35.1312 [5] INFO - Populating Printers
2016-02-04 09:39:38.1317 [5] INFO - Populating Printers
2016-02-04 09:39:41.1326 [5] INFO - Populating Printers
2016-02-04 09:39:44.1334 [5] INFO - Populating Printers
2016-02-04 09:39:47.1344 [5] INFO - Populating Printers
2016-02-04 09:39:50.1357 [5] INFO - Populating Printers
2016-02-04 09:39:53.1364 [5] INFO - Populating Printers
2016-02-04 09:39:56.1377 [5] INFO - Populating Printers
2016-02-04 09:39:59.1380 [5] INFO - Populating Printers
2016-02-04 09:40:02.1386 [5] INFO - Populating Printers
2016-02-04 09:40:05.1391 [5] INFO - Populating Printers
2016-02-04 09:40:08.1395 [5] INFO - Populating Printers
2016-02-04 09:40:11.1408 [5] INFO - Populating Printers
2016-02-04 09:40:14.1417 [5] INFO - Populating Printers
2016-02-04 09:40:17.1423 [5] INFO - Populating Printers
2016-02-04 09:40:20.1435 [5] INFO - Populating Printers
2016-02-04 09:40:23.1445 [5] INFO - Populating Printers
2016-02-04 09:40:26.1451 [5] INFO - Populating Printers
2016-02-04 09:40:29.1463 [5] INFO - Populating Printers
2016-02-04 09:40:32.1475 [5] INFO - Populating Printers
2016-02-04 09:40:35.1479 [5] INFO - Populating Printers
2016-02-04 09:40:38.1489 [5] INFO - Populating Printers
2016-02-04 09:40:41.1502 [5] INFO - Populating Printers
2016-02-04 09:40:44.1509 [5] INFO - Populating Printers
2016-02-04 09:40:47.1514 [5] INFO - Populating Printers
2016-02-04 09:40:50.1522 [5] INFO - Populating Printers
2016-02-04 09:40:53.1531 [5] INFO - Populating Printers
2016-02-04 09:40:56.1542 [5] INFO - Populating Printers
2016-02-04 09:40:59.1551 [5] INFO - Populating Printers
2016-02-04 09:41:02.1560 [5] INFO - Populating Printers
2016-02-04 09:41:05.1564 [5] INFO - Populating Printers
2016-02-04 09:41:08.1572 [5] INFO - Populating Printers
2016-02-04 09:41:11.1578 [5] INFO - Populating Printers
2016-02-04 09:41:14.1583 [5] INFO - Populating Printers
2016-02-04 09:41:17.1589 [5] INFO - Populating Printers
2016-02-04 09:41:20.1599 [5] INFO - Populating Printers
2016-02-04 09:41:23.1611 [5] INFO - Populating Printers
2016-02-04 09:41:26.1621 [5] INFO - Populating Printers
2016-02-04 09:41:29.1627 [5] INFO - Populating Printers
2016-02-04 09:41:32.1639 [5] INFO - Populating Printers
2016-02-04 09:41:35.1653 [5] INFO - Populating Printers
2016-02-04 09:41:38.1664 [5] INFO - Populating Printers
2016-02-04 09:41:41.1671 [5] INFO - Populating Printers
2016-02-04 09:41:44.1681 [5] INFO - Populating Printers
2016-02-04 09:41:47.1688 [5] INFO - Populating Printers
2016-02-04 09:41:50.1701 [5] INFO - Populating Printers
2016-02-04 09:41:53.1706 [5] INFO - Populating Printers
2016-02-04 09:41:56.1709 [5] INFO - Populating Printers
2016-02-04 09:41:59.1713 [5] INFO - Populating Printers
2016-02-04 09:42:02.1725 [5] INFO - Populating Printers
2016-02-04 09:42:05.1732 [5] INFO - Populating Printers
2016-02-04 09:42:08.1737 [5] INFO - Populating Printers
2016-02-04 09:42:11.1741 [5] INFO - Populating Printers
2016-02-04 09:42:14.1746 [5] INFO - Populating Printers
2016-02-04 09:42:17.1753 [5] INFO - Populating Printers
2016-02-04 09:42:20.1763 [5] INFO - Populating Printers
2016-02-04 09:42:23.1766 [5] INFO - Populating Printers
2016-02-04 09:42:26.1770 [5] INFO - Populating Printers
2016-02-04 09:42:29.1780 [5] INFO - Populating Printers
2016-02-04 09:42:32.1788 [5] INFO - Populating Printers
2016-02-04 09:42:35.1792 [5] INFO - Populating Printers
2016-02-04 09:42:38.1803 [5] INFO - Populating Printers
2016-02-04 09:42:41.1810 [5] INFO - Populating Printers
2016-02-04 09:42:44.1820 [5] INFO - Populating Printers
2016-02-04 09:42:47.1825 [5] INFO - Populating Printers
2016-02-04 09:42:50.1832 [5] INFO - Populating Printers
2016-02-04 09:42:53.1841 [5] INFO - Populating Printers
2016-02-04 09:42:56.1845 [5] INFO - Populating Printers
2016-02-04 09:42:59.1853 [5] INFO - Populating Printers
2016-02-04 09:43:02.1860 [5] INFO - Populating Printers
2016-02-04 09:43:05.1872 [5] INFO - Populating Printers
2016-02-04 09:43:08.1884 [5] INFO - Populating Printers
2016-02-04 09:43:11.1889 [5] INFO - Populating Printers
2016-02-04 09:43:14.1898 [5] INFO - Populating Printers
2016-02-04 09:43:17.1903 [5] INFO - Populating Printers
2016-02-04 09:43:20.1907 [5] INFO - Populating Printers
2016-02-04 09:43:23.1911 [5] INFO - Populating Printers
2016-02-04 09:43:26.1914 [5] INFO - Populating Printers
2016-02-04 09:43:29.1921 [5] INFO - Populating Printers
2016-02-04 09:43:32.1926 [5] INFO - Populating Printers
2016-02-04 09:43:35.1932 [5] INFO - Populating Printers
2016-02-04 09:43:38.1936 [5] INFO - Populating Printers
2016-02-04 09:43:41.1940 [5] INFO - Populating Printers
2016-02-04 09:43:44.1944 [5] INFO - Populating Printers
2016-02-04 09:43:47.1958 [5] INFO - Populating Printers
2016-02-04 09:43:50.1970 [5] INFO - Populating Printers
2016-02-04 09:43:53.1976 [5] INFO - Populating Printers
2016-02-04 09:43:56.1985 [5] INFO - Populating Printers
2016-02-04 09:43:59.1992 [5] INFO - Populating Printers
2016-02-04 09:44:02.2003 [5] INFO - Populating Printers
2016-02-04 09:44:05.2015 [5] INFO - Populating Printers
2016-02-04 09:44:08.2019 [5] INFO - Populating Printers
2016-02-04 09:44:11.2023 [5] INFO - Populating Printers
2016-02-04 09:44:14.2030 [5] INFO - Populating Printers
2016-02-04 09:44:17.2041 [5] INFO - Populating Printers
2016-02-04 09:44:20.2050 [5] INFO - Populating Printers
2016-02-04 09:44:23.2055 [5] INFO - Populating Printers
2016-02-04 09:44:26.2069 [5] INFO - Populating Printers
2016-02-04 09:44:29.2074 [5] INFO - Populating Printers
2016-02-04 09:44:32.2082 [5] INFO - Populating Printers
2016-02-04 09:44:35.2086 [5] INFO - Populating Printers
2016-02-04 09:44:38.2118 [5] INFO - Populating Printers
2016-02-04 09:44:41.2122 [5] INFO - Populating Printers
2016-02-04 09:44:44.2135 [5] INFO - Populating Printers
2016-02-04 09:44:47.2146 [5] INFO - Populating Printers
2016-02-04 09:44:50.2153 [5] INFO - Populating Printers
2016-02-04 09:44:53.2164 [5] INFO - Populating Printers
2016-02-04 09:44:56.2172 [5] INFO - Populating Printers
2016-02-04 09:44:59.2179 [5] INFO - Populating Printers
2016-02-04 09:45:02.2189 [5] INFO - Populating Printers
2016-02-04 09:45:05.2193 [5] INFO - Populating Printers
2016-02-04 09:45:08.2200 [5] INFO - Populating Printers
2016-02-04 09:45:11.2204 [5] INFO - Populating Printers
2016-02-04 09:45:14.2214 [5] INFO - Populating Printers
2016-02-04 09:45:17.2226 [5] INFO - Populating Printers
2016-02-04 09:45:20.2237 [5] INFO - Populating Printers
2016-02-04 09:45:23.2247 [5] INFO - Populating Printers
2016-02-04 09:45:26.2257 [5] INFO - Populating Printers
2016-02-04 09:45:29.2265 [5] INFO - Populating Printers
2016-02-04 09:45:32.2268 [5] INFO - Populating Printers
2016-02-04 09:45:35.2271 [5] INFO - Populating Printers
2016-02-04 09:45:38.2279 [5] INFO - Populating Printers
2016-02-04 09:45:41.2283 [5] INFO - Populating Printers
2016-02-04 09:45:44.2295 [5] INFO - Populating Printers
2016-02-04 09:45:47.2299 [5] INFO - Populating Printers
2016-02-04 09:45:50.2306 [5] INFO - Populating Printers
2016-02-04 09:45:53.2314 [5] INFO - Populating Printers
2016-02-04 09:45:56.2321 [5] INFO - Populating Printers
2016-02-04 09:45:59.2326 [5] INFO - Populating Printers
2016-02-04 09:46:02.2336 [5] INFO - Populating Printers
2016-02-04 09:46:05.2343 [5] INFO - Populating Printers
2016-02-04 09:46:08.2350 [5] INFO - Populating Printers
2016-02-04 09:46:11.2357 [5] INFO - Populating Printers
2016-02-04 09:46:14.2361 [5] INFO - Populating Printers
2016-02-04 09:46:17.2367 [5] INFO - Populating Printers
2016-02-04 09:46:20.2372 [5] INFO - Populating Printers
2016-02-04 09:46:23.2388 [5] INFO - Populating Printers
2016-02-04 09:46:26.2391 [5] INFO - Populating Printers
2016-02-04 09:46:29.2397 [5] INFO - Populating Printers
2016-02-04 09:46:32.2401 [5] INFO - Populating Printers
2016-02-04 09:46:35.2415 [5] INFO - Populating Printers
2016-02-04 09:46:38.2423 [5] INFO - Populating Printers
2016-02-04 09:46:41.2429 [5] INFO - Populating Printers
2016-02-04 09:46:44.2434 [5] INFO - Populating Printers
2016-02-04 09:46:47.2443 [5] INFO - Populating Printers
2016-02-04 09:46:50.2454 [5] INFO - Populating Printers
2016-02-04 09:46:53.2464 [5] INFO - Populating Printers
2016-02-04 09:46:56.2475 [5] INFO - Populating Printers
2016-02-04 09:46:59.2488 [5] INFO - Populating Printers
2016-02-04 09:47:02.2496 [5] INFO - Populating Printers
2016-02-04 09:47:05.2509 [5] INFO - Populating Printers
2016-02-04 09:47:08.2516 [5] INFO - Populating Printers
2016-02-04 09:47:11.2529 [5] INFO - Populating Printers
2016-02-04 09:47:14.2541 [5] INFO - Populating Printers
2016-02-04 09:47:17.2551 [5] INFO - Populating Printers
2016-02-04 09:47:20.2559 [5] INFO - Populating Printers
2016-02-04 09:47:23.2566 [5] INFO - Populating Printers
2016-02-04 09:47:26.2570 [5] INFO - Populating Printers
2016-02-04 09:47:29.2581 [5] INFO - Populating Printers
2016-02-04 09:47:32.2584 [5] INFO - Populating Printers
2016-02-04 09:47:35.2588 [5] INFO - Populating Printers
2016-02-04 09:47:38.2592 [5] INFO - Populating Printers
2016-02-04 09:47:41.2597 [5] INFO - Populating Printers
2016-02-04 09:47:44.2605 [5] INFO - Populating Printers
2016-02-04 09:47:47.2612 [5] INFO - Populating Printers
2016-02-04 09:47:50.2618 [5] INFO - Populating Printers
2016-02-04 09:47:53.2628 [5] INFO - Populating Printers
2016-02-04 09:47:56.2635 [5] INFO - Populating Printers
2016-02-04 09:47:59.2641 [5] INFO - Populating Printers
2016-02-04 09:48:02.2646 [5] INFO - Populating Printers
2016-02-04 09:48:05.2654 [5] INFO - Populating Printers
2016-02-04 09:48:08.2660 [5] INFO - Populating Printers
2016-02-04 09:48:11.2664 [5] INFO - Populating Printers
2016-02-04 09:48:14.2673 [5] INFO - Populating Printers
2016-02-04 09:48:17.2683 [5] INFO - Populating Printers
2016-02-04 09:48:20.2695 [5] INFO - Populating Printers
2016-02-04 09:48:23.2704 [5] INFO - Populating Printers
2016-02-04 09:48:26.2711 [5] INFO - Populating Printers
2016-02-04 09:48:29.2717 [5] INFO - Populating Printers
2016-02-04 09:48:32.2726 [5] INFO - Populating Printers
2016-02-04 09:48:35.2737 [5] INFO - Populating Printers
2016-02-04 09:48:38.2742 [5] INFO - Populating Printers
2016-02-04 09:48:41.2746 [5] INFO - Populating Printers
2016-02-04 09:48:44.2753 [5] INFO - Populating Printers
2016-02-04 09:48:47.2761 [5] INFO - Populating Printers
2016-02-04 09:48:50.2770 [5] INFO - Populating Printers
2016-02-04 09:48:53.2781 [5] INFO - Populating Printers
2016-02-04 09:48:56.2785 [5] INFO - Populating Printers
2016-02-04 09:48:59.2797 [5] INFO - Populating Printers
2016-02-04 09:49:02.2800 [5] INFO - Populating Printers
2016-02-04 09:49:05.2805 [5] INFO - Populating Printers
2016-02-04 09:49:08.2813 [5] INFO - Populating Printers
2016-02-04 09:49:11.2822 [5] INFO - Populating Printers
2016-02-04 09:49:14.2827 [5] INFO - Populating Printers
2016-02-04 09:49:17.2831 [5] INFO - Populating Printers
2016-02-04 09:49:20.2836 [5] INFO - Populating Printers
2016-02-04 09:49:23.2839 [5] INFO - Populating Printers
2016-02-04 09:49:26.2844 [5] INFO - Populating Printers
2016-02-04 09:49:29.2852 [5] INFO - Populating Printers
2016-02-04 09:49:32.2863 [5] INFO - Populating Printers
2016-02-04 09:49:35.2871 [5] INFO - Populating Printers
2016-02-04 09:49:38.2875 [5] INFO - Populating Printers
2016-02-04 09:49:41.2880 [5] INFO - Populating Printers
2016-02-04 09:49:44.2889 [5] INFO - Populating Printers
2016-02-04 09:49:47.2894 [5] INFO - Populating Printers
2016-02-04 09:49:50.2903 [5] INFO - Populating Printers
2016-02-04 09:49:53.2910 [5] INFO - Populating Printers
2016-02-04 09:49:56.2915 [5] INFO - Populating Printers
2016-02-04 09:49:59.2921 [5] INFO - Populating Printers
2016-02-04 09:50:02.2924 [5] INFO - Populating Printers
2016-02-04 09:50:05.2929 [5] INFO - Populating Printers
2016-02-04 09:50:08.2939 [5] INFO - Populating Printers
2016-02-04 09:50:11.2952 [5] INFO - Populating Printers
2016-02-04 09:50:14.2957 [5] INFO - Populating Printers
2016-02-04 09:50:17.2965 [5] INFO - Populating Printers
2016-02-04 09:50:20.2978 [5] INFO - Populating Printers
2016-02-04 09:50:23.2987 [5] INFO - Populating Printers
2016-02-04 09:50:26.2998 [5] INFO - Populating Printers
2016-02-04 09:50:29.3011 [5] INFO - Populating Printers
2016-02-04 09:50:32.3019 [5] INFO - Populating Printers
2016-02-04 09:50:35.3025 [5] INFO - Populating Printers
2016-02-04 09:50:38.3029 [5] INFO - Populating Printers
2016-02-04 09:50:41.3036 [5] INFO - Populating Printers
2016-02-04 09:50:44.3043 [5] INFO - Populating Printers
2016-02-04 09:50:47.3053 [5] INFO - Populating Printers
2016-02-04 09:50:50.3060 [5] INFO - Populating Printers
2016-02-04 09:50:53.3064 [5] INFO - Populating Printers
2016-02-04 09:50:56.3070 [5] INFO - Populating Printers
2016-02-04 09:50:59.3082 [5] INFO - Populating Printers
2016-02-04 09:51:02.3087 [5] INFO - Populating Printers
2016-02-04 09:51:05.3091 [5] INFO - Populating Printers
2016-02-04 09:51:08.3096 [5] INFO - Populating Printers
2016-02-04 09:51:11.3103 [5] INFO - Populating Printers
2016-02-04 09:51:14.3110 [5] INFO - Populating Printers
2016-02-04 09:51:17.3121 [5] INFO - Populating Printers
2016-02-04 09:51:20.3127 [5] INFO - Populating Printers
2016-02-04 09:51:23.3138 [5] INFO - Populating Printers
2016-02-04 09:51:26.3147 [5] INFO - Populating Printers
2016-02-04 09:51:29.3157 [5] INFO - Populating Printers
2016-02-04 09:51:32.3170 [5] INFO - Populating Printers
2016-02-04 09:51:35.3175 [5] INFO - Populating Printers
2016-02-04 09:51:38.3180 [5] INFO - Populating Printers
2016-02-04 09:51:41.3192 [5] INFO - Populating Printers
2016-02-04 09:51:44.3200 [5] INFO - Populating Printers
2016-02-04 09:51:47.3207 [5] INFO - Populating Printers
2016-02-04 09:51:50.3214 [5] INFO - Populating Printers
2016-02-04 09:51:53.3223 [5] INFO - Populating Printers
2016-02-04 09:51:56.3231 [5] INFO - Populating Printers
2016-02-04 09:51:59.3239 [5] INFO - Populating Printers
2016-02-04 09:52:02.3249 [5] INFO - Populating Printers
2016-02-04 09:52:05.3257 [5] INFO - Populating Printers
2016-02-04 09:52:08.3261 [5] INFO - Populating Printers
2016-02-04 09:52:11.3265 [5] INFO - Populating Printers
2016-02-04 09:52:14.3270 [5] INFO - Populating Printers
2016-02-04 09:52:17.3281 [5] INFO - Populating Printers
2016-02-04 09:52:20.3287 [5] INFO - Populating Printers
2016-02-04 09:52:23.3294 [5] INFO - Populating Printers
2016-02-04 09:52:26.3302 [5] INFO - Populating Printers
2016-02-04 09:52:29.3310 [5] INFO - Populating Printers
2016-02-04 09:52:32.3313 [5] INFO - Populating Printers
2016-02-04 09:52:35.3325 [5] INFO - Populating Printers
2016-02-04 09:52:38.3330 [5] INFO - Populating Printers
2016-02-04 09:52:41.3339 [5] INFO - Populating Printers
2016-02-04 09:52:44.3348 [5] INFO - Populating Printers
2016-02-04 09:52:47.3356 [5] INFO - Populating Printers
2016-02-04 09:52:50.3360 [5] INFO - Populating Printers
2016-02-04 09:52:53.3367 [5] INFO - Populating Printers
2016-02-04 09:52:56.3380 [5] INFO - Populating Printers
2016-02-04 09:52:59.3388 [5] INFO - Populating Printers
2016-02-04 09:53:02.3400 [5] INFO - Populating Printers
2016-02-04 09:53:05.3405 [5] INFO - Populating Printers
2016-02-04 09:53:08.3411 [5] INFO - Populating Printers
2016-02-04 09:53:11.3421 [5] INFO - Populating Printers
2016-02-04 09:53:14.3433 [5] INFO - Populating Printers
2016-02-04 09:53:17.3443 [5] INFO - Populating Printers
2016-02-04 09:53:20.3453 [5] INFO - Populating Printers
2016-02-04 09:53:23.3466 [5] INFO - Populating Printers
2016-02-04 09:53:26.3474 [5] INFO - Populating Printers
2016-02-04 09:53:29.3481 [5] INFO - Populating Printers
2016-02-04 09:53:32.3488 [5] INFO - Populating Printers
2016-02-04 09:53:35.3492 [5] INFO - Populating Printers
2016-02-04 09:53:38.3497 [5] INFO - Populating Printers
2016-02-04 09:53:41.3508 [5] INFO - Populating Printers
2016-02-04 09:53:44.3515 [5] INFO - Populating Printers
2016-02-04 09:53:47.3527 [5] INFO - Populating Printers
2016-02-04 09:53:50.3537 [5] INFO - Populating Printers
2016-02-04 09:53:53.3541 [5] INFO - Populating Printers
2016-02-04 09:53:56.3548 [5] INFO - Populating Printers
2016-02-04 09:53:59.3559 [5] INFO - Populating Printers
2016-02-04 09:54:02.3562 [5] INFO - Populating Printers
2016-02-04 09:54:05.3570 [5] INFO - Populating Printers
2016-02-04 09:54:08.3574 [5] INFO - Populating Printers
2016-02-04 09:54:11.3581 [5] INFO - Populating Printers
2016-02-04 09:54:14.3589 [5] INFO - Populating Printers
2016-02-04 09:54:17.3594 [5] INFO - Populating Printers
2016-02-04 09:54:20.3597 [5] INFO - Populating Printers
2016-02-04 09:54:23.3608 [5] INFO - Populating Printers
2016-02-04 09:54:26.3612 [5] INFO - Populating Printers
2016-02-04 09:54:29.3617 [5] INFO - Populating Printers
2016-02-04 09:54:32.3625 [5] INFO - Populating Printers
2016-02-04 09:54:35.3636 [5] INFO - Populating Printers
2016-02-04 09:54:38.3644 [5] INFO - Populating Printers
2016-02-04 09:54:41.3655 [5] INFO - Populating Printers
2016-02-04 09:54:44.3659 [5] INFO - Populating Printers
2016-02-04 09:54:47.3669 [5] INFO - Populating Printers
2016-02-04 09:54:50.3679 [5] INFO - Populating Printers
2016-02-04 09:54:53.3688 [5] INFO - Populating Printers
2016-02-04 09:54:56.3696 [5] INFO - Populating Printers
2016-02-04 09:54:59.3704 [5] INFO - Populating Printers
2016-02-04 09:55:02.3708 [5] INFO - Populating Printers
2016-02-04 09:55:05.3714 [5] INFO - Populating Printers
2016-02-04 09:55:08.3718 [5] INFO - Populating Printers
2016-02-04 09:55:11.3729 [5] INFO - Populating Printers
2016-02-04 09:55:14.3741 [5] INFO - Populating Printers
2016-02-04 09:55:17.3745 [5] INFO - Populating Printers
2016-02-04 09:55:20.3751 [5] INFO - Populating Printers
2016-02-04 09:55:23.3760 [5] INFO - Populating Printers
2016-02-04 09:55:26.3769 [5] INFO - Populating Printers
2016-02-04 09:55:29.3778 [5] INFO - Populating Printers
2016-02-04 09:55:32.3782 [5] INFO - Populating Printers
2016-02-04 09:55:35.3793 [5] INFO - Populating Printers
2016-02-04 09:55:38.3798 [5] INFO - Populating Printers
2016-02-04 09:55:41.3809 [5] INFO - Populating Printers
2016-02-04 09:55:44.3819 [5] INFO - Populating Printers
2016-02-04 09:55:47.3824 [5] INFO - Populating Printers
2016-02-04 09:55:50.3833 [5] INFO - Populating Printers
2016-02-04 09:55:53.3843 [5] INFO - Populating Printers
2016-02-04 09:55:56.3848 [5] INFO - Populating Printers
2016-02-04 09:55:59.3860 [5] INFO - Populating Printers
2016-02-04 09:56:02.3872 [5] INFO - Populating Printers
2016-02-04 09:56:05.3883 [5] INFO - Populating Printers
2016-02-04 09:56:08.3888 [5] INFO - Populating Printers
2016-02-04 09:56:11.3899 [5] INFO - Populating Printers
2016-02-04 09:56:14.3902 [5] INFO - Populating Printers
2016-02-04 09:56:17.3909 [5] INFO - Populating Printers
2016-02-04 09:56:20.3914 [5] INFO - Populating Printers
2016-02-04 09:56:23.3927 [5] INFO - Populating Printers
2016-02-04 09:56:26.3932 [5] INFO - Populating Printers
2016-02-04 09:56:29.3937 [5] INFO - Populating Printers
2016-02-04 09:56:32.3944 [5] INFO - Populating Printers
2016-02-04 09:56:35.3957 [5] INFO - Populating Printers
2016-02-04 09:56:38.3965 [5] INFO - Populating Printers
2016-02-04 09:56:41.3974 [5] INFO - Populating Printers
2016-02-04 09:56:44.3982 [5] INFO - Populating Printers
2016-02-04 09:56:47.3988 [5] INFO - Populating Printers
2016-02-04 09:56:50.3997 [5] INFO - Populating Printers
2016-02-04 09:56:53.4003 [5] INFO - Populating Printers
2016-02-04 09:56:56.4011 [5] INFO - Populating Printers
2016-02-04 09:56:59.4019 [5] INFO - Populating Printers
2016-02-04 09:57:02.4033 [5] INFO - Populating Printers
2016-02-04 09:57:05.4036 [5] INFO - Populating Printers
2016-02-04 09:57:08.4040 [5] INFO - Populating Printers
2016-02-04 09:57:11.4044 [5] INFO - Populating Printers
2016-02-04 09:57:14.4049 [5] INFO - Populating Printers
2016-02-04 09:57:17.4055 [5] INFO - Populating Printers
2016-02-04 09:57:20.4060 [5] INFO - Populating Printers
2016-02-04 09:57:23.4067 [5] INFO - Populating Printers
2016-02-04 09:57:26.4079 [5] INFO - Populating Printers
2016-02-04 09:57:29.4088 [5] INFO - Populating Printers
2016-02-04 09:57:32.4095 [5] INFO - Populating Printers
2016-02-04 09:57:35.4100 [5] INFO - Populating Printers
2016-02-04 09:57:38.4113 [5] INFO - Populating Printers
2016-02-04 09:57:41.4120 [5] INFO - Populating Printers
2016-02-04 09:57:44.4126 [5] INFO - Populating Printers
2016-02-04 09:57:47.4128 [5] INFO - Populating Printers
2016-02-04 09:57:50.4132 [5] INFO - Populating Printers
2016-02-04 09:57:53.4137 [5] INFO - Populating Printers
2016-02-04 09:57:56.4143 [5] INFO - Populating Printers
2016-02-04 09:57:59.4150 [5] INFO - Populating Printers
2016-02-04 09:58:02.4153 [5] INFO - Populating Printers
2016-02-04 09:58:05.4157 [5] INFO - Populating Printers
2016-02-04 09:58:08.4167 [5] INFO - Populating Printers
2016-02-04 09:58:11.4174 [5] INFO - Populating Printers
2016-02-04 09:58:14.4185 [5] INFO - Populating Printers
2016-02-04 09:58:17.4195 [5] INFO - Populating Printers
2016-02-04 09:58:20.4205 [5] INFO - Populating Printers
2016-02-04 09:58:23.4214 [5] INFO - Populating Printers
2016-02-04 09:58:26.4222 [5] INFO - Populating Printers
2016-02-04 09:58:29.4232 [5] INFO - Populating Printers
2016-02-04 09:58:32.4240 [5] INFO - Populating Printers
2016-02-04 09:58:35.4246 [5] INFO - Populating Printers
2016-02-04 09:58:38.4260 [5] INFO - Populating Printers
2016-02-04 09:58:41.4264 [5] INFO - Populating Printers
2016-02-04 09:58:44.4273 [5] INFO - Populating Printers
2016-02-04 09:58:47.4279 [5] INFO - Populating Printers
2016-02-04 09:58:50.4283 [5] INFO - Populating Printers
2016-02-04 09:58:53.4291 [5] INFO - Populating Printers
2016-02-04 09:58:56.4301 [5] INFO - Populating Printers
2016-02-04 09:58:59.4307 [5] INFO - Populating Printers
2016-02-04 09:59:02.4318 [5] INFO - Populating Printers
2016-02-04 09:59:05.4326 [5] INFO - Populating Printers
2016-02-04 09:59:08.4331 [5] INFO - Populating Printers
2016-02-04 09:59:11.4334 [5] INFO - Populating Printers
2016-02-04 09:59:14.4346 [5] INFO - Populating Printers
2016-02-04 09:59:17.4351 [5] INFO - Populating Printers
2016-02-04 09:59:20.4358 [5] INFO - Populating Printers
2016-02-04 09:59:23.4366 [5] INFO - Populating Printers
2016-02-04 09:59:26.4378 [5] INFO - Populating Printers
2016-02-04 09:59:29.4390 [5] INFO - Populating Printers
2016-02-04 09:59:32.4398 [5] INFO - Populating Printers
2016-02-04 09:59:35.4402 [5] INFO - Populating Printers
2016-02-04 09:59:38.4411 [5] INFO - Populating Printers
2016-02-04 09:59:41.4414 [5] INFO - Populating Printers
2016-02-04 09:59:44.4423 [5] INFO - Populating Printers
2016-02-04 09:59:47.4432 [5] INFO - Populating Printers
2016-02-04 09:59:50.4439 [5] INFO - Populating Printers
2016-02-04 09:59:53.4449 [5] INFO - Populating Printers
2016-02-04 09:59:56.4455 [5] INFO - Populating Printers
2016-02-04 09:59:59.4467 [5] INFO - Populating Printers
2016-02-04 10:00:02.4472 [5] INFO - Populating Printers
2016-02-04 10:00:05.4485 [5] INFO - Populating Printers
2016-02-04 10:00:08.4492 [5] INFO - Populating Printers
2016-02-04 10:00:11.4504 [5] INFO - Populating Printers
2016-02-04 10:00:14.4508 [5] INFO - Populating Printers
2016-02-04 10:00:17.4511 [5] INFO - Populating Printers
2016-02-04 10:00:20.4515 [5] INFO - Populating Printers
2016-02-04 10:00:23.4523 [5] INFO - Populating Printers
2016-02-04 10:00:26.4535 [5] INFO - Populating Printers
2016-02-04 10:00:29.4551 [5] INFO - Populating Printers
2016-02-04 10:00:32.4555 [5] INFO - Populating Printers
2016-02-04 10:00:35.4567 [5] INFO - Populating Printers
2016-02-04 10:00:38.4577 [5] INFO - Populating Printers
2016-02-04 10:00:41.4587 [5] INFO - Populating Printers
2016-02-04 10:00:44.4598 [5] INFO - Populating Printers
2016-02-04 10:00:47.4606 [5] INFO - Populating Printers
2016-02-04 10:00:50.4611 [5] INFO - Populating Printers
2016-02-04 10:00:53.4621 [5] INFO - Populating Printers
2016-02-04 10:00:56.4625 [5] INFO - Populating Printers
2016-02-04 10:00:59.4635 [5] INFO - Populating Printers
2016-02-04 10:01:02.4639 [5] INFO - Populating Printers
2016-02-04 10:01:05.4649 [5] INFO - Populating Printers
2016-02-04 10:01:08.4657 [5] INFO - Populating Printers
2016-02-04 10:01:11.4666 [5] INFO - Populating Printers
2016-02-04 10:01:14.4671 [5] INFO - Populating Printers
2016-02-04 10:01:17.4678 [5] INFO - Populating Printers
2016-02-04 10:01:20.4683 [5] INFO - Populating Printers
2016-02-04 10:01:23.4692 [5] INFO - Populating Printers
2016-02-04 10:01:26.4701 [5] INFO - Populating Printers
2016-02-04 10:01:29.4708 [5] INFO - Populating Printers
2016-02-04 10:01:32.4715 [5] INFO - Populating Printers
2016-02-04 10:01:35.4722 [5] INFO - Populating Printers
2016-02-04 10:01:38.4731 [5] INFO - Populating Printers
2016-02-04 10:01:41.4743 [5] INFO - Populating Printers
2016-02-04 10:01:44.4750 [5] INFO - Populating Printers
2016-02-04 10:01:47.4757 [5] INFO - Populating Printers
2016-02-04 10:01:50.4760 [5] INFO - Populating Printers
2016-02-04 10:01:53.4764 [5] INFO - Populating Printers
2016-02-04 10:01:56.4767 [5] INFO - Populating Printers
2016-02-04 10:01:59.4776 [5] INFO - Populating Printers
2016-02-04 10:02:02.4782 [5] INFO - Populating Printers
2016-02-04 10:02:05.4788 [5] INFO - Populating Printers
2016-02-04 10:02:08.4794 [5] INFO - Populating Printers
2016-02-04 10:02:11.4805 [5] INFO - Populating Printers
2016-02-04 10:02:14.4810 [5] INFO - Populating Printers
2016-02-04 10:02:17.4824 [5] INFO - Populating Printers
2016-02-04 10:02:20.4828 [5] INFO - Populating Printers
2016-02-04 10:02:23.4831 [5] INFO - Populating Printers
2016-02-04 10:02:26.4836 [5] INFO - Populating Printers
2016-02-04 10:02:29.4842 [5] INFO - Populating Printers
2016-02-04 10:02:32.4855 [5] INFO - Populating Printers
2016-02-04 10:02:35.4865 [5] INFO - Populating Printers
2016-02-04 10:02:38.4870 [5] INFO - Populating Printers
2016-02-04 10:02:41.4876 [5] INFO - Populating Printers
2016-02-04 10:02:44.4889 [5] INFO - Populating Printers
2016-02-04 10:02:47.4894 [5] INFO - Populating Printers
2016-02-04 10:02:50.4900 [5] INFO - Populating Printers
2016-02-04 10:02:53.4903 [5] INFO - Populating Printers
2016-02-04 10:02:56.4908 [5] INFO - Populating Printers
2016-02-04 10:02:59.4915 [5] INFO - Populating Printers
2016-02-04 10:03:02.4924 [5] INFO - Populating Printers
2016-02-04 10:03:05.4932 [5] INFO - Populating Printers
2016-02-04 10:03:08.4936 [5] INFO - Populating Printers
2016-02-04 10:03:11.4946 [5] INFO - Populating Printers
2016-02-04 10:03:14.4959 [5] INFO - Populating Printers
2016-02-04 10:03:17.4963 [5] INFO - Populating Printers
2016-02-04 10:03:20.4973 [5] INFO - Populating Printers
2016-02-04 10:03:23.4978 [5] INFO - Populating Printers
2016-02-04 10:03:26.4983 [5] INFO - Populating Printers
2016-02-04 10:03:29.4995 [5] INFO - Populating Printers
2016-02-04 10:03:32.5007 [5] INFO - Populating Printers
2016-02-04 10:03:35.5011 [5] INFO - Populating Printers
2016-02-04 10:03:38.5016 [5] INFO - Populating Printers
2016-02-04 10:03:41.5022 [5] INFO - Populating Printers
2016-02-04 10:03:44.5034 [5] INFO - Populating Printers
2016-02-04 10:03:47.5045 [5] INFO - Populating Printers
2016-02-04 10:03:50.5057 [5] INFO - Populating Printers
2016-02-04 10:03:53.5062 [5] INFO - Populating Printers
2016-02-04 10:03:56.5065 [5] INFO - Populating Printers
2016-02-04 10:03:59.5070 [5] INFO - Populating Printers
2016-02-04 10:04:02.5077 [5] INFO - Populating Printers
2016-02-04 10:04:05.5087 [5] INFO - Populating Printers
2016-02-04 10:04:08.5090 [5] INFO - Populating Printers
2016-02-04 10:04:11.5100 [5] INFO - Populating Printers
2016-02-04 10:04:14.5104 [5] INFO - Populating Printers
2016-02-04 10:04:17.5118 [5] INFO - Populating Printers
2016-02-04 10:04:20.5124 [5] INFO - Populating Printers
2016-02-04 10:04:23.5128 [5] INFO - Populating Printers
2016-02-04 10:04:26.5132 [5] INFO - Populating Printers
2016-02-04 10:04:29.5139 [5] INFO - Populating Printers
2016-02-04 10:04:32.5148 [5] INFO - Populating Printers
2016-02-04 10:04:35.5155 [5] INFO - Populating Printers
2016-02-04 10:04:38.5164 [5] INFO - Populating Printers
2016-02-04 10:04:41.5168 [5] INFO - Populating Printers
2016-02-04 10:04:44.5179 [5] INFO - Populating Printers
2016-02-04 10:04:47.5185 [5] INFO - Populating Printers
2016-02-04 10:04:50.5193 [5] INFO - Populating Printers
2016-02-04 10:04:53.5199 [5] INFO - Populating Printers
2016-02-04 10:04:56.5204 [5] INFO - Populating Printers
2016-02-04 10:04:59.5212 [5] INFO - Populating Printers
2016-02-04 10:05:02.5225 [5] INFO - Populating Printers
2016-02-04 10:05:05.5234 [5] INFO - Populating Printers
2016-02-04 10:05:08.5242 [5] INFO - Populating Printers
2016-02-04 10:05:11.5251 [5] INFO - Populating Printers
2016-02-04 10:05:14.5256 [5] INFO - Populating Printers
2016-02-04 10:05:17.5265 [5] INFO - Populating Printers
2016-02-04 10:05:20.5269 [5] INFO - Populating Printers
2016-02-04 10:05:23.5279 [5] INFO - Populating Printers
2016-02-04 10:05:26.5290 [5] INFO - Populating Printers
2016-02-04 10:05:29.5295 [5] INFO - Populating Printers
2016-02-04 10:05:32.5301 [5] INFO - Populating Printers
2016-02-04 10:05:35.5310 [5] INFO - Populating Printers
2016-02-04 10:05:38.5319 [5] INFO - Populating Printers
2016-02-04 10:05:41.5330 [5] INFO - Populating Printers
2016-02-04 10:05:44.5336 [5] INFO - Populating Printers
2016-02-04 10:05:47.5339 [5] INFO - Populating Printers
2016-02-04 10:05:50.5345 [5] INFO - Populating Printers
2016-02-04 10:05:53.5356 [5] INFO - Populating Printers
2016-02-04 10:05:56.5363 [5] INFO - Populating Printers
2016-02-04 10:05:59.5372 [5] INFO - Populating Printers
2016-02-04 10:06:02.5378 [5] INFO - Populating Printers
2016-02-04 10:06:05.5388 [5] INFO - Populating Printers
2016-02-04 10:06:08.5394 [5] INFO - Populating Printers
2016-02-04 10:06:11.5399 [5] INFO - Populating Printers
2016-02-04 10:06:14.5410 [5] INFO - Populating Printers
2016-02-04 10:06:17.5419 [5] INFO - Populating Printers
2016-02-04 10:06:20.5424 [5] INFO - Populating Printers
